<?xml version="1.0" encoding="UTF-8"?>
<!-- Generated by org.testng.reporters.JUnitReportReporter -->
<testsuite hostname="DESKTOP-S2PNAHT" failures="0" tests="5" name="com.test.TestRunner.TestRunner" time="32.584" errors="0" timestamp="28 Jun 2020 00:29:29 GMT" skipped="0">
  <testcase classname="com.test.TestRunner.TestRunner" name="feature" time="9.448"/>
  <testcase classname="com.test.TestRunner.TestRunner" name="feature" time="7.825"/>
  <testcase classname="com.test.TestRunner.TestRunner" name="feature" time="3.811"/>
  <testcase classname="com.test.TestRunner.TestRunner" name="feature" time="6.311"/>
  <testcase classname="com.test.TestRunner.TestRunner" name="feature" time="5.189"/>
</testsuite> <!-- com.test.TestRunner.TestRunner -->
